<?xml version="1.0" encoding="UTF-8"?>
<testsuite xmlns:xsi="http://www.w3.org/2001/XMLSchema-instance" xsi:noNamespaceSchemaLocation="https://maven.apache.org/surefire/maven-surefire-plugin/xsd/surefire-test-report.xsd" name="test.java.com.ontariotechu.sofe3980U.BinaryTest" time="0.001" tests="20" errors="0" skipped="0" failures="0">
  <properties>
    <property name="java.specification.version" value="19"/>
    <property name="sun.cpu.isalist" value="amd64"/>
    <property name="sun.jnu.encoding" value="Cp1252"/>
    <property name="java.class.path" value="D:\Programming\Workstation\soft_quality_mvn_test\BinaryCalculator\target\test-classes;D:\Programming\Workstation\soft_quality_mvn_test\BinaryCalculator\target\classes;C:\Users\fardi\.m2\repository\junit\junit\4.11\junit-4.11.jar;C:\Users\fardi\.m2\repository\org\hamcrest\hamcrest-core\1.3\hamcrest-core-1.3.jar;C:\Users\fardi\.m2\repository\joda-time\joda-time\2.9.2\joda-time-2.9.2.jar;"/>
    <property name="java.vm.vendor" value="Oracle Corporation"/>
    <property name="sun.arch.data.model" value="64"/>
    <property name="user.variant" value=""/>
    <property name="java.vendor.url" value="https://java.oracle.com/"/>
    <property name="user.timezone" value="America/Toronto"/>
    <property name="os.name" value="Windows 11"/>
    <property name="java.vm.specification.version" value="19"/>
    <property name="sun.java.launcher" value="SUN_STANDARD"/>
    <property name="user.country" value="CA"/>
    <property name="sun.boot.library.path" value="C:\Program Files\Java\jdk-19\bin"/>
    <property name="sun.java.command" value="C:\Users\fardi\AppData\Local\Temp\surefire864328737213711046\surefirebooter5255386147695358077.jar C:\Users\fardi\AppData\Local\Temp\surefire864328737213711046 2023-01-27T20-15-18_265-jvmRun1 surefire12314696122731700987tmp surefire_012942659437758764264tmp"/>
    <property name="jdk.debug" value="release"/>
    <property name="surefire.test.class.path" value="D:\Programming\Workstation\soft_quality_mvn_test\BinaryCalculator\target\test-classes;D:\Programming\Workstation\soft_quality_mvn_test\BinaryCalculator\target\classes;C:\Users\fardi\.m2\repository\junit\junit\4.11\junit-4.11.jar;C:\Users\fardi\.m2\repository\org\hamcrest\hamcrest-core\1.3\hamcrest-core-1.3.jar;C:\Users\fardi\.m2\repository\joda-time\joda-time\2.9.2\joda-time-2.9.2.jar;"/>
    <property name="sun.cpu.endian" value="little"/>
    <property name="user.home" value="C:\Users\fardi"/>
    <property name="user.language" value="en"/>
    <property name="java.specification.vendor" value="Oracle Corporation"/>
    <property name="java.version.date" value="2022-09-20"/>
    <property name="java.home" value="C:\Program Files\Java\jdk-19"/>
    <property name="file.separator" value="\"/>
    <property name="basedir" value="D:\Programming\Workstation\soft_quality_mvn_test\BinaryCalculator"/>
    <property name="java.vm.compressedOopsMode" value="Zero based"/>
    <property name="line.separator" value="&#10;"/>
    <property name="java.vm.specification.vendor" value="Oracle Corporation"/>
    <property name="java.specification.name" value="Java Platform API Specification"/>
    <property name="surefire.real.class.path" value="C:\Users\fardi\AppData\Local\Temp\surefire864328737213711046\surefirebooter5255386147695358077.jar"/>
    <property name="user.script" value=""/>
    <property name="sun.management.compiler" value="HotSpot 64-Bit Tiered Compilers"/>
    <property name="java.runtime.version" value="19+36-2238"/>
    <property name="user.name" value="fardi"/>
    <property name="stdout.encoding" value="Cp1252"/>
    <property name="path.separator" value=";"/>
    <property name="os.version" value="10.0"/>
    <property name="java.runtime.name" value="Java(TM) SE Runtime Environment"/>
    <property name="file.encoding" value="UTF-8"/>
    <property name="java.vm.name" value="Java HotSpot(TM) 64-Bit Server VM"/>
    <property name="localRepository" value="C:\Users\fardi\.m2\repository"/>
    <property name="java.vendor.url.bug" value="https://bugreport.java.com/bugreport/"/>
    <property name="java.io.tmpdir" value="C:\Users\fardi\AppData\Local\Temp\"/>
    <property name="java.version" value="19"/>
    <property name="user.dir" value="D:\Programming\Workstation\soft_quality_mvn_test\BinaryCalculator"/>
    <property name="os.arch" value="amd64"/>
    <property name="java.vm.specification.name" value="Java Virtual Machine Specification"/>
    <property name="sun.os.patch.level" value=""/>
    <property name="native.encoding" value="Cp1252"/>
    <property name="java.library.path" value="C:\Program Files\Java\jdk-19\bin;C:\WINDOWS\Sun\Java\bin;C:\WINDOWS\system32;C:\WINDOWS;C:\Program Files (x86)\Razer Chroma SDK\bin;C:\Program Files\Razer Chroma SDK\bin;C:\Program Files (x86)\Razer\ChromaBroadcast\bin;C:\Program Files\Razer\ChromaBroadcast\bin;C:\Users\fardi\Documents\Visual Studio 2022\Libraries\Vulkan\Bin;C:\Program Files\Common Files\Oracle\Java\javapath;C:\Python39\Scripts\;C:\Python39\;C:\Windows\system32;C:\Windows;C:\Windows\System32\Wbem;C:\Windows\System32\WindowsPowerShell\v1.0\;C:\Windows\System32\OpenSSH\;C:\Program Files\NVIDIA Corporation\NVIDIA NvDLISR;C:\Program Files (x86)\NVIDIA Corporation\PhysX\Common;C:\ProgramData\chocolatey\bin;C:\Program Files\Java\jdk-17.0.1\bin;C:\Program Files\Git\cmd;C:\Program Files\dotnet\;C:\Program Files\nodejs\;C:\WINDOWS\system32;C:\WINDOWS;C:\WINDOWS\System32\Wbem;C:\WINDOWS\System32\WindowsPowerShell\v1.0\;C:\WINDOWS\System32\OpenSSH\;C:\Program Files\Microsoft SQL Server\150\Tools\Binn\;C:\WINDOWS\system32\config\systemprofile\AppData\Local\Microsoft\WindowsApps;C:\Program Files\MongoDB\Server\6.0\bin;C:\programming shit\mongosh-1.6.0-win32-x64\bin;C:\Program Files\Java\maven\apache-maven-4.0.0-alpha-3\bin;C:\Program Files\MySQL\MySQL Shell 8.0\bin\;C:\Users\fardi\AppData\Local\Programs\Python\Python310\Scripts\;C:\Users\fardi\AppData\Local\Programs\Python\Python310\;C:\programming shit\c++;C:\Users\fardi\AppData\Local\Microsoft\WindowsApps;C:\Users\fardi\AppData\Local\GitHubDesktop\bin;C:\Users\fardi\AppData\Local\Programs\Microsoft VS Code\bin;C:\msys64\mingw64\bin;C:\Program Files\JetBrains\IntelliJ IDEA Community Edition 2021.2.3\bin;C:\Users\fardi\.dotnet\tools;C:\Users\fardi\AppData\Roaming\npm;C:\Users\fardi\AppData\Local\Microsoft\WindowsApps;C:\Users\fardi\.dotnet\tools;C:\Program Files\MongoDB\Server\6.0\bin;;."/>
    <property name="java.vm.info" value="mixed mode, sharing"/>
    <property name="stderr.encoding" value="Cp1252"/>
    <property name="java.vendor" value="Oracle Corporation"/>
    <property name="java.vm.version" value="19+36-2238"/>
    <property name="sun.io.unicode.encoding" value="UnicodeLittle"/>
    <property name="java.class.version" value="63.0"/>
  </properties>
  <testcase name="constructorWithInvalidDigits" classname="test.java.com.ontariotechu.sofe3980U.BinaryTest" time="0"/>
  <testcase name="multiply2" classname="test.java.com.ontariotechu.sofe3980U.BinaryTest" time="0"/>
  <testcase name="multiply3" classname="test.java.com.ontariotechu.sofe3980U.BinaryTest" time="0.001"/>
  <testcase name="or" classname="test.java.com.ontariotechu.sofe3980U.BinaryTest" time="0"/>
  <testcase name="add" classname="test.java.com.ontariotechu.sofe3980U.BinaryTest" time="0"/>
  <testcase name="and" classname="test.java.com.ontariotechu.sofe3980U.BinaryTest" time="0"/>
  <testcase name="or2" classname="test.java.com.ontariotechu.sofe3980U.BinaryTest" time="0"/>
  <testcase name="or3" classname="test.java.com.ontariotechu.sofe3980U.BinaryTest" time="0"/>
  <testcase name="add2" classname="test.java.com.ontariotechu.sofe3980U.BinaryTest" time="0"/>
  <testcase name="add3" classname="test.java.com.ontariotechu.sofe3980U.BinaryTest" time="0"/>
  <testcase name="add4" classname="test.java.com.ontariotechu.sofe3980U.BinaryTest" time="0"/>
  <testcase name="add5" classname="test.java.com.ontariotechu.sofe3980U.BinaryTest" time="0"/>
  <testcase name="and2" classname="test.java.com.ontariotechu.sofe3980U.BinaryTest" time="0"/>
  <testcase name="and3" classname="test.java.com.ontariotechu.sofe3980U.BinaryTest" time="0"/>
  <testcase name="constructorWithNegativeSign" classname="test.java.com.ontariotechu.sofe3980U.BinaryTest" time="0"/>
  <testcase name="constructorWithInvalidChars" classname="test.java.com.ontariotechu.sofe3980U.BinaryTest" time="0"/>
  <testcase name="constructorEmptyString" classname="test.java.com.ontariotechu.sofe3980U.BinaryTest" time="0"/>
  <testcase name="multiply" classname="test.java.com.ontariotechu.sofe3980U.BinaryTest" time="0"/>
  <testcase name="normalConstructor" classname="test.java.com.ontariotechu.sofe3980U.BinaryTest" time="0"/>
  <testcase name="constructorWithZeroTailing" classname="test.java.com.ontariotechu.sofe3980U.BinaryTest" time="0"/>
</testsuite>